2018 01 01  01:52:20 ******************************begin android key sync******************************
2018 01 02  00:17:49 ******************************begin android key sync******************************
2018 01 02  00:21:38 Successfuly imported extension module "mdpopups.mdx.highlight".
2018 01 02  00:21:38 Successfuly imported extension module "mdpopups.mdx.inlinehilite".
2018 01 02  00:21:38 Successfuly imported extension module "mdpopups.mdx.superfences".
2018 01 02  00:21:38 Successfuly imported extension module "markdown.extensions.admonition".
2018 01 02  00:21:38 Successfuly imported extension module "markdown.extensions.attr_list".
2018 01 02  00:21:38 Successfuly imported extension module "markdown.extensions.def_list".
2018 01 02  00:21:38 Successfuly imported extension module "pymdownx.betterem".
2018 01 02  00:21:38 Successfuly imported extension module "pymdownx.magiclink".
2018 01 02  00:21:38 Successfuly imported extension module "pymdownx.extrarawhtml".
2018 01 02  00:21:38 Successfuly imported extension module "markdown.extensions.nl2br".
2018 01 06  00:01:13 ******************************begin android key sync******************************
2018 01 11  23:14:21 ******************************begin ios key sync******************************
2018 01 12  23:50:49 ******************************begin android key sync******************************
2018 01 13  00:01:05 Successfuly imported extension module "mdpopups.mdx.highlight".
2018 01 13  00:01:05 Successfuly imported extension module "mdpopups.mdx.inlinehilite".
2018 01 13  00:01:05 Successfuly imported extension module "mdpopups.mdx.superfences".
2018 01 13  00:01:05 Successfuly imported extension module "markdown.extensions.admonition".
2018 01 13  00:01:05 Successfuly imported extension module "markdown.extensions.attr_list".
2018 01 13  00:01:05 Successfuly imported extension module "markdown.extensions.def_list".
2018 01 13  00:01:05 Successfuly imported extension module "pymdownx.betterem".
2018 01 13  00:01:05 Successfuly imported extension module "pymdownx.magiclink".
2018 01 13  00:01:05 Successfuly imported extension module "pymdownx.extrarawhtml".
2018 01 13  00:01:05 Successfuly imported extension module "markdown.extensions.nl2br".
2018 01 13  14:56:01 ******************************begin android key sync******************************
2018 01 30  23:34:54 ******************************begin android key sync******************************
2018 02 09  18:01:33 ******************************begin android key sync******************************
2018 04 02  22:22:02 ******************************begin android key sync******************************
2018 04 14  00:17:09 ******************************begin android key sync******************************
